SF:lib\authentication\bloc\authentication_state.dart
DA:4,10
DA:9,8
DA:11,3
DA:12,1
DA:14,8
DA:15,0
DA:20,1
DA:21,3
LF:8
LH:7
end_of_record
SF:lib\authentication\bloc\authentication_bloc.dart
DA:13,1
DA:18,1
DA:19,2
DA:20,2
DA:22,3
DA:23,4
DA:31,1
DA:33,2
DA:34,2
DA:35,1
DA:38,1
DA:42,1
DA:43,1
DA:44,1
DA:45,1
DA:46,2
DA:47,1
DA:48,1
DA:51,1
DA:55,1
DA:59,2
DA:62,1
DA:64,3
LF:23
LH:23
end_of_record
SF:lib\authentication\bloc\authentication_event.dart
DA:4,2
DA:6,0
DA:7,0
DA:11,2
DA:15,0
DA:16,0
LF:6
LH:2
end_of_record
SF:lib\login\bloc\login_event.dart
DA:4,9
DA:6,0
DA:7,0
DA:11,3
DA:15,1
DA:16,2
DA:20,3
DA:24,1
DA:25,2
DA:29,8
LF:10
LH:8
end_of_record
SF:lib\login\bloc\login_state.dart
DA:4,9
DA:14,1
DA:19,1
DA:20,0
DA:21,1
DA:22,1
DA:26,1
DA:27,4
LF:8
LH:7
end_of_record
SF:lib\login\bloc\login_bloc.dart
DA:12,2
DA:15,2
DA:16,4
DA:17,4
DA:18,4
DA:23,1
DA:27,2
DA:28,3
DA:30,4
DA:34,1
DA:38,2
DA:39,3
DA:41,4
DA:45,1
DA:49,3
DA:50,3
DA:52,3
DA:53,3
DA:54,3
DA:56,3
DA:58,3
LF:21
LH:21
end_of_record
SF:lib\home\view\home_page.dart
DA:9,7
DA:11,1
DA:12,1
DA:15,1
DA:17,1
DA:18,1
DA:19,1
DA:21,1
DA:22,1
DA:25,1
DA:28,1
DA:29,1
DA:30,1
DA:31,4
DA:33,2
DA:37,1
DA:40,1
DA:41,0
DA:43,0
DA:44,0
LF:20
LH:17
end_of_record
SF:lib\widgets\button.dart
DA:4,3
DA:9,3
DA:11,3
DA:17,3
DA:19,3
DA:20,3
DA:21,3
DA:22,3
DA:23,3
DA:24,3
LF:10
LH:10
end_of_record
SF:lib\widgets\headline.dart
DA:4,12
DA:8,2
DA:10,10
LF:3
LH:3
end_of_record
SF:lib\login\models\password.dart
DA:3,6
DA:6,7
DA:7,4
DA:9,2
DA:11,4
LF:5
LH:5
end_of_record
SF:lib\login\models\username.dart
DA:3,6
DA:6,7
DA:7,4
DA:9,2
DA:11,4
LF:5
LH:5
end_of_record
SF:lib\login\view\login_form.dart
DA:9,7
DA:11,2
DA:13,2
DA:14,1
DA:15,2
DA:16,1
DA:17,1
DA:18,1
DA:23,2
DA:25,2
DA:41,6
DA:42,2
DA:44,2
DA:45,4
DA:46,2
DA:47,2
DA:49,1
DA:50,3
DA:51,2
DA:53,4
DA:62,6
DA:64,2
DA:66,2
DA:67,4
DA:68,2
DA:69,2
DA:71,3
DA:72,1
DA:75,2
DA:77,4
DA:86,6
DA:88,2
DA:90,2
DA:91,4
DA:92,2
DA:93,4
DA:97,2
DA:100,2
DA:102,4
DA:103,1
DA:104,2
LF:41
LH:41
end_of_record
SF:lib\login\view\login_page.dart
DA:10,7
DA:12,1
DA:13,1
DA:16,1
DA:18,1
DA:19,2
DA:20,1
DA:22,1
DA:23,1
DA:24,1
DA:26,1
DA:29,1
LF:12
LH:12
end_of_record
